<?xml version="1.0" encoding="UTF-8"?>
<testng-results skipped="0" failed="8" ignored="0" total="28" passed="20">
  <reporter-output>
  </reporter-output>
  <suite name="Differ Regression Test Suite" duration-ms="2646" started-at="2019-02-11T14:26:09Z" finished-at="2019-02-11T14:26:12Z">
    <groups>
    </groups>
    <test name="Differ Regression Tests" duration-ms="2646" started-at="2019-02-11T14:26:09Z" finished-at="2019-02-11T14:26:12Z">
      <class name="requests.DifferServiceTest">
        <test-method status="PASS" signature="setBaseURI()[pri:0, instance:requests.DifferServiceTest@6fb554cc]" name="setBaseURI" is-config="true" duration-ms="315" started-at="2019-02-11T14:26:09Z" finished-at="2019-02-11T14:26:10Z">
          <reporter-output>
          </reporter-output>
        </test-method> <!-- setBaseURI -->
        <test-method status="PASS" signature="setBaseURI()[pri:0, instance:requests.SideServiceTest@4cb2c100]" name="setBaseURI" is-config="true" duration-ms="0" started-at="2019-02-11T14:26:10Z" finished-at="2019-02-11T14:26:10Z">
          <reporter-output>
          </reporter-output>
        </test-method> <!-- setBaseURI -->
        <test-method status="PASS" signature="uniqueIDForEachMethod()[pri:0, instance:requests.DifferServiceTest@6fb554cc]" name="uniqueIDForEachMethod" is-config="true" duration-ms="0" started-at="2019-02-11T14:26:12Z" finished-at="2019-02-11T14:26:12Z">
          <reporter-output>
          </reporter-output>
        </test-method> <!-- uniqueIDForEachMethod -->
        <test-method status="PASS" signature="when_DiffRequestIsDelete_Expect_405MethodNotAllowed()[pri:0, instance:requests.DifferServiceTest@6fb554cc]" name="when_DiffRequestIsDelete_Expect_405MethodNotAllowed" duration-ms="85" started-at="2019-02-11T14:26:12Z" finished-at="2019-02-11T14:26:12Z">
          <reporter-output>
          </reporter-output>
        </test-method> <!-- when_DiffRequestIsDelete_Expect_405MethodNotAllowed -->
        <test-method status="PASS" signature="uniqueIDForEachMethod()[pri:0, instance:requests.DifferServiceTest@6fb554cc]" name="uniqueIDForEachMethod" is-config="true" duration-ms="0" started-at="2019-02-11T14:26:12Z" finished-at="2019-02-11T14:26:12Z">
          <reporter-output>
          </reporter-output>
        </test-method> <!-- uniqueIDForEachMethod -->
        <test-method status="PASS" signature="when_EqualSidesAreDiffed_Expect_Equal()[pri:0, instance:requests.DifferServiceTest@6fb554cc]" name="when_EqualSidesAreDiffed_Expect_Equal" duration-ms="73" started-at="2019-02-11T14:26:12Z" finished-at="2019-02-11T14:26:12Z">
          <reporter-output>
          </reporter-output>
        </test-method> <!-- when_EqualSidesAreDiffed_Expect_Equal -->
        <test-method status="PASS" signature="uniqueIDForEachMethod()[pri:0, instance:requests.DifferServiceTest@6fb554cc]" name="uniqueIDForEachMethod" is-config="true" duration-ms="0" started-at="2019-02-11T14:26:12Z" finished-at="2019-02-11T14:26:12Z">
          <reporter-output>
          </reporter-output>
        </test-method> <!-- uniqueIDForEachMethod -->
        <test-method status="PASS" signature="when_IDThatIsNotInitializedIsDiffed_Expect_IDNotInitialized()[pri:0, instance:requests.DifferServiceTest@6fb554cc]" name="when_IDThatIsNotInitializedIsDiffed_Expect_IDNotInitialized" duration-ms="27" started-at="2019-02-11T14:26:12Z" finished-at="2019-02-11T14:26:12Z">
          <reporter-output>
          </reporter-output>
        </test-method> <!-- when_IDThatIsNotInitializedIsDiffed_Expect_IDNotInitialized -->
        <test-method status="PASS" signature="uniqueIDForEachMethod()[pri:0, instance:requests.DifferServiceTest@6fb554cc]" name="uniqueIDForEachMethod" is-config="true" duration-ms="0" started-at="2019-02-11T14:26:12Z" finished-at="2019-02-11T14:26:12Z">
          <reporter-output>
          </reporter-output>
        </test-method> <!-- uniqueIDForEachMethod -->
        <test-method status="PASS" signature="when_SidesAreDiffedAndLeftSideIsNull_Expect_DifferentLengthAndLeftHasNoValue()[pri:0, instance:requests.DifferServiceTest@6fb554cc]" name="when_SidesAreDiffedAndLeftSideIsNull_Expect_DifferentLengthAndLeftHasNoValue" duration-ms="48" started-at="2019-02-11T14:26:12Z" finished-at="2019-02-11T14:26:12Z">
          <reporter-output>
          </reporter-output>
        </test-method> <!-- when_SidesAreDiffedAndLeftSideIsNull_Expect_DifferentLengthAndLeftHasNoValue -->
        <test-method status="FAIL" signature="when_SidesAreDiffedAndRightSideIsNull_Expect_DifferentLengthAndRightHasNoValue()[pri:0, instance:requests.DifferServiceTest@6fb554cc]" name="when_SidesAreDiffedAndRightSideIsNull_Expect_DifferentLengthAndRightHasNoValue" duration-ms="21" started-at="2019-02-11T14:26:12Z" finished-at="2019-02-11T14:26:12Z">
          <exception class="java.lang.AssertionError">
            <message>
              <![CDATA[1 expectation failed.
Expected status code <200> but was <204>.
]]>
            </message>
            <full-stacktrace>
              <![CDATA[java.lang.AssertionError: 1 expectation failed.
Expected status code <200> but was <204>.

at sun.reflect.NativeConstructorAccessorImpl.newInstance0(Native Method)
at sun.reflect.NativeConstructorAccessorImpl.newInstance(NativeConstructorAccessorImpl.java:62)
at sun.reflect.DelegatingConstructorAccessorImpl.newInstance(DelegatingConstructorAccessorImpl.java:45)
at java.lang.reflect.Constructor.newInstance(Constructor.java:423)
at org.codehaus.groovy.reflection.CachedConstructor.invoke(CachedConstructor.java:83)
at org.codehaus.groovy.reflection.CachedConstructor.doConstructorInvoke(CachedConstructor.java:77)
at org.codehaus.groovy.runtime.callsite.ConstructorSite$ConstructorSiteNoUnwrap.callConstructor(ConstructorSite.java:84)
at org.codehaus.groovy.runtime.callsite.AbstractCallSite.callConstructor(AbstractCallSite.java:250)
at io.restassured.internal.ResponseSpecificationImpl$HamcrestAssertionClosure.validate(ResponseSpecificationImpl.groovy:483)
at io.restassured.internal.ResponseSpecificationImpl$HamcrestAssertionClosure$validate$1.call(Unknown Source)
at io.restassured.internal.ResponseSpecificationImpl.validateResponseIfRequired(ResponseSpecificationImpl.groovy:655)
at sun.reflect.GeneratedMethodAccessor66.invoke(Unknown Source)
at sun.reflect.DelegatingMethodAccessorImpl.invoke(DelegatingMethodAccessorImpl.java:43)
at java.lang.reflect.Method.invoke(Method.java:498)
at org.codehaus.groovy.runtime.callsite.PogoMetaMethodSite$PogoCachedMethodSiteNoUnwrapNoCoerce.invoke(PogoMetaMethodSite.java:210)
at org.codehaus.groovy.runtime.callsite.PogoMetaMethodSite.callCurrent(PogoMetaMethodSite.java:59)
at org.codehaus.groovy.runtime.callsite.AbstractCallSite.callCurrent(AbstractCallSite.java:169)
at io.restassured.internal.ResponseSpecificationImpl.statusCode(ResponseSpecificationImpl.groovy:123)
at io.restassured.specification.ResponseSpecification$statusCode$0.callCurrent(Unknown Source)
at io.restassured.internal.ResponseSpecificationImpl.statusCode(ResponseSpecificationImpl.groovy:131)
at io.restassured.internal.ValidatableResponseOptionsImpl.statusCode(ValidatableResponseOptionsImpl.java:119)
at utilities.TestUtililities.differentiateSides(TestUtililities.java:105)
at requests.DifferServiceTest.when_SidesAreDiffedAndRightSideIsNull_Expect_DifferentLengthAndRightHasNoValue(DifferServiceTest.java:94)
at sun.reflect.NativeMethodAccessorImpl.invoke0(Native Method)
at sun.reflect.NativeMethodAccessorImpl.invoke(NativeMethodAccessorImpl.java:62)
at sun.reflect.DelegatingMethodAccessorImpl.invoke(DelegatingMethodAccessorImpl.java:43)
at java.lang.reflect.Method.invoke(Method.java:498)
at org.testng.internal.MethodInvocationHelper.invokeMethod(MethodInvocationHelper.java:124)
at org.testng.internal.Invoker.invokeMethod(Invoker.java:583)
at org.testng.internal.Invoker.invokeTestMethod(Invoker.java:719)
at org.testng.internal.Invoker.invokeTestMethods(Invoker.java:989)
at org.testng.internal.TestMethodWorker.invokeTestMethods(TestMethodWorker.java:125)
at org.testng.internal.TestMethodWorker.run(TestMethodWorker.java:109)
at org.testng.TestRunner.privateRun(TestRunner.java:648)
at org.testng.TestRunner.run(TestRunner.java:505)
at org.testng.SuiteRunner.runTest(SuiteRunner.java:455)
at org.testng.SuiteRunner.runSequentially(SuiteRunner.java:450)
at org.testng.SuiteRunner.privateRun(SuiteRunner.java:415)
at org.testng.SuiteRunner.run(SuiteRunner.java:364)
at org.testng.SuiteRunnerWorker.runSuite(SuiteRunnerWorker.java:52)
at org.testng.SuiteRunnerWorker.run(SuiteRunnerWorker.java:84)
at org.testng.TestNG.runSuitesSequentially(TestNG.java:1208)
at org.testng.TestNG.runSuitesLocally(TestNG.java:1137)
at org.testng.TestNG.runSuites(TestNG.java:1049)
at org.testng.TestNG.run(TestNG.java:1017)
at org.apache.maven.surefire.testng.TestNGExecutor.run(TestNGExecutor.java:283)
at org.apache.maven.surefire.testng.TestNGXmlTestSuite.execute(TestNGXmlTestSuite.java:75)
at org.apache.maven.surefire.testng.TestNGProvider.invoke(TestNGProvider.java:120)
at org.apache.maven.surefire.booter.ForkedBooter.invokeProviderInSameClassLoader(ForkedBooter.java:383)
at org.apache.maven.surefire.booter.ForkedBooter.runSuitesInProcess(ForkedBooter.java:344)
at org.apache.maven.surefire.booter.ForkedBooter.execute(ForkedBooter.java:125)
at org.apache.maven.surefire.booter.ForkedBooter.main(ForkedBooter.java:417)
]]>
            </full-stacktrace>
          </exception> <!-- java.lang.AssertionError -->
          <reporter-output>
          </reporter-output>
        </test-method> <!-- when_SidesAreDiffedAndRightSideIsNull_Expect_DifferentLengthAndRightHasNoValue -->
        <test-method status="PASS" signature="uniqueIDForEachMethod()[pri:0, instance:requests.DifferServiceTest@6fb554cc]" name="uniqueIDForEachMethod" is-config="true" duration-ms="0" started-at="2019-02-11T14:26:12Z" finished-at="2019-02-11T14:26:12Z">
          <reporter-output>
          </reporter-output>
        </test-method> <!-- uniqueIDForEachMethod -->
        <test-method status="PASS" signature="uniqueIDForEachMethod()[pri:0, instance:requests.DifferServiceTest@6fb554cc]" name="uniqueIDForEachMethod" is-config="true" duration-ms="0" started-at="2019-02-11T14:26:12Z" finished-at="2019-02-11T14:26:12Z">
          <reporter-output>
          </reporter-output>
        </test-method> <!-- uniqueIDForEachMethod -->
        <test-method status="PASS" signature="when_SidesOfDifferentLengthsAreDiffed_Expect_DifferentLength()[pri:0, instance:requests.DifferServiceTest@6fb554cc]" name="when_SidesOfDifferentLengthsAreDiffed_Expect_DifferentLength" duration-ms="42" started-at="2019-02-11T14:26:12Z" finished-at="2019-02-11T14:26:12Z">
          <reporter-output>
          </reporter-output>
        </test-method> <!-- when_SidesOfDifferentLengthsAreDiffed_Expect_DifferentLength -->
        <test-method status="PASS" signature="uniqueIDForEachMethod()[pri:0, instance:requests.DifferServiceTest@6fb554cc]" name="uniqueIDForEachMethod" is-config="true" duration-ms="0" started-at="2019-02-11T14:26:12Z" finished-at="2019-02-11T14:26:12Z">
          <reporter-output>
          </reporter-output>
        </test-method> <!-- uniqueIDForEachMethod -->
        <test-method status="PASS" signature="when_SidesOfSameLengthButDifferentCharactersAreDiffed_Expect_PositionOfDifferentCharacters()[pri:0, instance:requests.DifferServiceTest@6fb554cc]" name="when_SidesOfSameLengthButDifferentCharactersAreDiffed_Expect_PositionOfDifferentCharacters" duration-ms="61" started-at="2019-02-11T14:26:12Z" finished-at="2019-02-11T14:26:12Z">
          <reporter-output>
          </reporter-output>
        </test-method> <!-- when_SidesOfSameLengthButDifferentCharactersAreDiffed_Expect_PositionOfDifferentCharacters -->
        <test-method status="PASS" signature="when_SidesOfSameLengthButDifferentSuccessiveCharactersAreDiffed_Expect_RangedPositionOfDifferentCharacters()[pri:0, instance:requests.DifferServiceTest@6fb554cc]" name="when_SidesOfSameLengthButDifferentSuccessiveCharactersAreDiffed_Expect_RangedPositionOfDifferentCharacters" duration-ms="52" started-at="2019-02-11T14:26:12Z" finished-at="2019-02-11T14:26:12Z">
          <reporter-output>
          </reporter-output>
        </test-method> <!-- when_SidesOfSameLengthButDifferentSuccessiveCharactersAreDiffed_Expect_RangedPositionOfDifferentCharacters -->
        <test-method status="PASS" signature="uniqueIDForEachMethod()[pri:0, instance:requests.DifferServiceTest@6fb554cc]" name="uniqueIDForEachMethod" is-config="true" duration-ms="0" started-at="2019-02-11T14:26:12Z" finished-at="2019-02-11T14:26:12Z">
          <reporter-output>
          </reporter-output>
        </test-method> <!-- uniqueIDForEachMethod -->
      </class> <!-- requests.DifferServiceTest -->
      <class name="requests.SideServiceTest">
        <test-method status="PASS" signature="beforeTest()[pri:0, instance:requests.SideServiceTest@4cb2c100]" name="beforeTest" is-config="true" duration-ms="103" started-at="2019-02-11T14:26:10Z" finished-at="2019-02-11T14:26:10Z">
          <reporter-output>
          </reporter-output>
        </test-method> <!-- beforeTest -->
        <test-method status="PASS" signature="when_AlphabetOnlyIsEnteredAsID_Expect_415UnsupportedMediaType()[pri:0, instance:requests.SideServiceTest@4cb2c100]" name="when_AlphabetOnlyIsEnteredAsID_Expect_415UnsupportedMediaType" duration-ms="969" started-at="2019-02-11T14:26:10Z" finished-at="2019-02-11T14:26:11Z">
          <reporter-output>
          </reporter-output>
        </test-method> <!-- when_AlphabetOnlyIsEnteredAsID_Expect_415UnsupportedMediaType -->
        <test-method status="PASS" signature="beforeTest()[pri:0, instance:requests.SideServiceTest@4cb2c100]" name="beforeTest" is-config="true" duration-ms="1" started-at="2019-02-11T14:26:11Z" finished-at="2019-02-11T14:26:11Z">
          <reporter-output>
          </reporter-output>
        </test-method> <!-- beforeTest -->
        <test-method status="PASS" signature="when_AlphanumericValueIsEnteredAsID_Expect_404NotFound()[pri:0, instance:requests.SideServiceTest@4cb2c100]" name="when_AlphanumericValueIsEnteredAsID_Expect_404NotFound" duration-ms="19" started-at="2019-02-11T14:26:11Z" finished-at="2019-02-11T14:26:11Z">
          <reporter-output>
          </reporter-output>
        </test-method> <!-- when_AlphanumericValueIsEnteredAsID_Expect_404NotFound -->
        <test-method status="PASS" signature="when_BodyDataIsNotBase64Encoded_Expect_DataNotBase64Exception()[pri:0, instance:requests.SideServiceTest@4cb2c100]" name="when_BodyDataIsNotBase64Encoded_Expect_DataNotBase64Exception" duration-ms="392" started-at="2019-02-11T14:26:11Z" finished-at="2019-02-11T14:26:11Z">
          <reporter-output>
          </reporter-output>
        </test-method> <!-- when_BodyDataIsNotBase64Encoded_Expect_DataNotBase64Exception -->
        <test-method status="PASS" signature="beforeTest()[pri:0, instance:requests.SideServiceTest@4cb2c100]" name="beforeTest" is-config="true" duration-ms="0" started-at="2019-02-11T14:26:11Z" finished-at="2019-02-11T14:26:11Z">
          <reporter-output>
          </reporter-output>
        </test-method> <!-- beforeTest -->
        <test-method status="PASS" signature="beforeTest()[pri:0, instance:requests.SideServiceTest@4cb2c100]" name="beforeTest" is-config="true" duration-ms="1" started-at="2019-02-11T14:26:11Z" finished-at="2019-02-11T14:26:11Z">
          <reporter-output>
          </reporter-output>
        </test-method> <!-- beforeTest -->
        <test-method status="PASS" signature="when_BodyIsNotPassedInSideRequest_Expect_400BadRequest()[pri:0, instance:requests.SideServiceTest@4cb2c100]" name="when_BodyIsNotPassedInSideRequest_Expect_400BadRequest" duration-ms="40" started-at="2019-02-11T14:26:11Z" finished-at="2019-02-11T14:26:11Z">
          <reporter-output>
          </reporter-output>
        </test-method> <!-- when_BodyIsNotPassedInSideRequest_Expect_400BadRequest -->
        <test-method status="PASS" signature="beforeTest()[pri:0, instance:requests.SideServiceTest@4cb2c100]" name="beforeTest" is-config="true" duration-ms="0" started-at="2019-02-11T14:26:11Z" finished-at="2019-02-11T14:26:11Z">
          <reporter-output>
          </reporter-output>
        </test-method> <!-- beforeTest -->
        <test-method status="PASS" signature="when_EmptyStringIsEnteredAsID_Expect_404NotFound()[pri:0, instance:requests.SideServiceTest@4cb2c100]" name="when_EmptyStringIsEnteredAsID_Expect_404NotFound" duration-ms="16" started-at="2019-02-11T14:26:11Z" finished-at="2019-02-11T14:26:11Z">
          <reporter-output>
          </reporter-output>
        </test-method> <!-- when_EmptyStringIsEnteredAsID_Expect_404NotFound -->
        <test-method status="PASS" signature="beforeTest()[pri:0, instance:requests.SideServiceTest@4cb2c100]" name="beforeTest" is-config="true" duration-ms="1" started-at="2019-02-11T14:26:11Z" finished-at="2019-02-11T14:26:11Z">
          <reporter-output>
          </reporter-output>
        </test-method> <!-- beforeTest -->
        <test-method status="FAIL" signature="when_EmptyStringIsPassedAsBody_Expect_400BadRequest()[pri:0, instance:requests.SideServiceTest@4cb2c100]" name="when_EmptyStringIsPassedAsBody_Expect_400BadRequest" duration-ms="28" started-at="2019-02-11T14:26:11Z" finished-at="2019-02-11T14:26:11Z">
          <exception class="java.lang.AssertionError">
            <message>
              <![CDATA[1 expectation failed.
Expected status code <400> but was <200>.
]]>
            </message>
            <full-stacktrace>
              <![CDATA[java.lang.AssertionError: 1 expectation failed.
Expected status code <400> but was <200>.

at sun.reflect.NativeConstructorAccessorImpl.newInstance0(Native Method)
at sun.reflect.NativeConstructorAccessorImpl.newInstance(NativeConstructorAccessorImpl.java:62)
at sun.reflect.DelegatingConstructorAccessorImpl.newInstance(DelegatingConstructorAccessorImpl.java:45)
at java.lang.reflect.Constructor.newInstance(Constructor.java:423)
at org.codehaus.groovy.reflection.CachedConstructor.invoke(CachedConstructor.java:83)
at org.codehaus.groovy.reflection.CachedConstructor.doConstructorInvoke(CachedConstructor.java:77)
at org.codehaus.groovy.runtime.callsite.ConstructorSite$ConstructorSiteNoUnwrap.callConstructor(ConstructorSite.java:84)
at org.codehaus.groovy.runtime.callsite.CallSiteArray.defaultCallConstructor(CallSiteArray.java:59)
at org.codehaus.groovy.runtime.callsite.AbstractCallSite.callConstructor(AbstractCallSite.java:238)
at org.codehaus.groovy.runtime.callsite.AbstractCallSite.callConstructor(AbstractCallSite.java:250)
at io.restassured.internal.ResponseSpecificationImpl$HamcrestAssertionClosure.validate(ResponseSpecificationImpl.groovy:483)
at io.restassured.internal.ResponseSpecificationImpl$HamcrestAssertionClosure$validate$1.call(Unknown Source)
at io.restassured.internal.ResponseSpecificationImpl.validateResponseIfRequired(ResponseSpecificationImpl.groovy:655)
at sun.reflect.NativeMethodAccessorImpl.invoke0(Native Method)
at sun.reflect.NativeMethodAccessorImpl.invoke(NativeMethodAccessorImpl.java:62)
at sun.reflect.DelegatingMethodAccessorImpl.invoke(DelegatingMethodAccessorImpl.java:43)
at java.lang.reflect.Method.invoke(Method.java:498)
at org.codehaus.groovy.runtime.callsite.PogoMetaMethodSite$PogoCachedMethodSiteNoUnwrapNoCoerce.invoke(PogoMetaMethodSite.java:210)
at org.codehaus.groovy.runtime.callsite.PogoMetaMethodSite.callCurrent(PogoMetaMethodSite.java:59)
at org.codehaus.groovy.runtime.callsite.AbstractCallSite.callCurrent(AbstractCallSite.java:169)
at io.restassured.internal.ResponseSpecificationImpl.statusCode(ResponseSpecificationImpl.groovy:123)
at io.restassured.specification.ResponseSpecification$statusCode$0.callCurrent(Unknown Source)
at io.restassured.internal.ResponseSpecificationImpl.statusCode(ResponseSpecificationImpl.groovy:131)
at io.restassured.internal.ValidatableResponseOptionsImpl.statusCode(ValidatableResponseOptionsImpl.java:119)
at requests.SideServiceTest.when_EmptyStringIsPassedAsBody_Expect_400BadRequest(SideServiceTest.java:403)
at sun.reflect.NativeMethodAccessorImpl.invoke0(Native Method)
at sun.reflect.NativeMethodAccessorImpl.invoke(NativeMethodAccessorImpl.java:62)
at sun.reflect.DelegatingMethodAccessorImpl.invoke(DelegatingMethodAccessorImpl.java:43)
at java.lang.reflect.Method.invoke(Method.java:498)
at org.testng.internal.MethodInvocationHelper.invokeMethod(MethodInvocationHelper.java:124)
at org.testng.internal.Invoker.invokeMethod(Invoker.java:583)
at org.testng.internal.Invoker.invokeTestMethod(Invoker.java:719)
at org.testng.internal.Invoker.invokeTestMethods(Invoker.java:989)
at org.testng.internal.TestMethodWorker.invokeTestMethods(TestMethodWorker.java:125)
at org.testng.internal.TestMethodWorker.run(TestMethodWorker.java:109)
at org.testng.TestRunner.privateRun(TestRunner.java:648)
at org.testng.TestRunner.run(TestRunner.java:505)
at org.testng.SuiteRunner.runTest(SuiteRunner.java:455)
at org.testng.SuiteRunner.runSequentially(SuiteRunner.java:450)
at org.testng.SuiteRunner.privateRun(SuiteRunner.java:415)
at org.testng.SuiteRunner.run(SuiteRunner.java:364)
at org.testng.SuiteRunnerWorker.runSuite(SuiteRunnerWorker.java:52)
at org.testng.SuiteRunnerWorker.run(SuiteRunnerWorker.java:84)
at org.testng.TestNG.runSuitesSequentially(TestNG.java:1208)
at org.testng.TestNG.runSuitesLocally(TestNG.java:1137)
at org.testng.TestNG.runSuites(TestNG.java:1049)
at org.testng.TestNG.run(TestNG.java:1017)
at org.apache.maven.surefire.testng.TestNGExecutor.run(TestNGExecutor.java:283)
at org.apache.maven.surefire.testng.TestNGXmlTestSuite.execute(TestNGXmlTestSuite.java:75)
at org.apache.maven.surefire.testng.TestNGProvider.invoke(TestNGProvider.java:120)
at org.apache.maven.surefire.booter.ForkedBooter.invokeProviderInSameClassLoader(ForkedBooter.java:383)
at org.apache.maven.surefire.booter.ForkedBooter.runSuitesInProcess(ForkedBooter.java:344)
at org.apache.maven.surefire.booter.ForkedBooter.execute(ForkedBooter.java:125)
at org.apache.maven.surefire.booter.ForkedBooter.main(ForkedBooter.java:417)
]]>
            </full-stacktrace>
          </exception> <!-- java.lang.AssertionError -->
          <reporter-output>
          </reporter-output>
        </test-method> <!-- when_EmptyStringIsPassedAsBody_Expect_400BadRequest -->
        <test-method status="PASS" signature="when_EmptyStringIsPassedAsSide_Expect_SideNameNotSupportedException()[pri:0, instance:requests.SideServiceTest@4cb2c100]" name="when_EmptyStringIsPassedAsSide_Expect_SideNameNotSupportedException" duration-ms="15" started-at="2019-02-11T14:26:11Z" finished-at="2019-02-11T14:26:11Z">
          <reporter-output>
          </reporter-output>
        </test-method> <!-- when_EmptyStringIsPassedAsSide_Expect_SideNameNotSupportedException -->
        <test-method status="PASS" signature="beforeTest()[pri:0, instance:requests.SideServiceTest@4cb2c100]" name="beforeTest" is-config="true" duration-ms="0" started-at="2019-02-11T14:26:11Z" finished-at="2019-02-11T14:26:11Z">
          <reporter-output>
          </reporter-output>
        </test-method> <!-- beforeTest -->
        <test-method status="PASS" signature="beforeTest()[pri:0, instance:requests.SideServiceTest@4cb2c100]" name="beforeTest" is-config="true" duration-ms="0" started-at="2019-02-11T14:26:11Z" finished-at="2019-02-11T14:26:11Z">
          <reporter-output>
          </reporter-output>
        </test-method> <!-- beforeTest -->
        <test-method status="FAIL" signature="when_LeftAndRightSideRequestsAreMadeWithSameID_Expect_AcceptedDataForLeftAndRight()[pri:0, instance:requests.SideServiceTest@4cb2c100]" name="when_LeftAndRightSideRequestsAreMadeWithSameID_Expect_AcceptedDataForLeftAndRight" duration-ms="36" started-at="2019-02-11T14:26:11Z" finished-at="2019-02-11T14:26:11Z">
          <exception class="io.restassured.path.json.exception.JsonPathException">
            <message>
              <![CDATA[Failed to parse the JSON document]]>
            </message>
            <full-stacktrace>
              <![CDATA[io.restassured.path.json.exception.JsonPathException: Failed to parse the JSON document
at io.restassured.path.json.JsonPath$ExceptionCatcher.invoke(JsonPath.java:930)
at io.restassured.path.json.JsonPath$4.doParseWith(JsonPath.java:895)
at io.restassured.path.json.JsonPath$JsonParser.parseWith(JsonPath.java:975)
at io.restassured.path.json.JsonPath.get(JsonPath.java:201)
at io.restassured.path.json.JsonPath.getString(JsonPath.java:351)
at requests.SideServiceTest.when_LeftAndRightSideRequestsAreMadeWithSameID_Expect_AcceptedDataForLeftAndRight(SideServiceTest.java:473)
at sun.reflect.NativeMethodAccessorImpl.invoke0(Native Method)
at sun.reflect.NativeMethodAccessorImpl.invoke(NativeMethodAccessorImpl.java:62)
at sun.reflect.DelegatingMethodAccessorImpl.invoke(DelegatingMethodAccessorImpl.java:43)
at java.lang.reflect.Method.invoke(Method.java:498)
at org.testng.internal.MethodInvocationHelper.invokeMethod(MethodInvocationHelper.java:124)
at org.testng.internal.Invoker.invokeMethod(Invoker.java:583)
at org.testng.internal.Invoker.invokeTestMethod(Invoker.java:719)
at org.testng.internal.Invoker.invokeTestMethods(Invoker.java:989)
at org.testng.internal.TestMethodWorker.invokeTestMethods(TestMethodWorker.java:125)
at org.testng.internal.TestMethodWorker.run(TestMethodWorker.java:109)
at org.testng.TestRunner.privateRun(TestRunner.java:648)
at org.testng.TestRunner.run(TestRunner.java:505)
at org.testng.SuiteRunner.runTest(SuiteRunner.java:455)
at org.testng.SuiteRunner.runSequentially(SuiteRunner.java:450)
at org.testng.SuiteRunner.privateRun(SuiteRunner.java:415)
at org.testng.SuiteRunner.run(SuiteRunner.java:364)
at org.testng.SuiteRunnerWorker.runSuite(SuiteRunnerWorker.java:52)
at org.testng.SuiteRunnerWorker.run(SuiteRunnerWorker.java:84)
at org.testng.TestNG.runSuitesSequentially(TestNG.java:1208)
at org.testng.TestNG.runSuitesLocally(TestNG.java:1137)
at org.testng.TestNG.runSuites(TestNG.java:1049)
at org.testng.TestNG.run(TestNG.java:1017)
at org.apache.maven.surefire.testng.TestNGExecutor.run(TestNGExecutor.java:283)
at org.apache.maven.surefire.testng.TestNGXmlTestSuite.execute(TestNGXmlTestSuite.java:75)
at org.apache.maven.surefire.testng.TestNGProvider.invoke(TestNGProvider.java:120)
at org.apache.maven.surefire.booter.ForkedBooter.invokeProviderInSameClassLoader(ForkedBooter.java:383)
at org.apache.maven.surefire.booter.ForkedBooter.runSuitesInProcess(ForkedBooter.java:344)
at org.apache.maven.surefire.booter.ForkedBooter.execute(ForkedBooter.java:125)
at org.apache.maven.surefire.booter.ForkedBooter.main(ForkedBooter.java:417)
Caused by: java.lang.IllegalArgumentException: The JSON input text should neither be null nor empty.
at sun.reflect.NativeConstructorAccessorImpl.newInstance0(Native Method)
at sun.reflect.NativeConstructorAccessorImpl.newInstance(NativeConstructorAccessorImpl.java:62)
at sun.reflect.DelegatingConstructorAccessorImpl.newInstance(DelegatingConstructorAccessorImpl.java:45)
at java.lang.reflect.Constructor.newInstance(Constructor.java:423)
at org.codehaus.groovy.reflection.CachedConstructor.invoke(CachedConstructor.java:83)
at org.codehaus.groovy.runtime.callsite.ConstructorSite$ConstructorSiteNoUnwrapNoCoerce.callConstructor(ConstructorSite.java:105)
at org.codehaus.groovy.runtime.callsite.CallSiteArray.defaultCallConstructor(CallSiteArray.java:59)
at org.codehaus.groovy.runtime.callsite.AbstractCallSite.callConstructor(AbstractCallSite.java:238)
at org.codehaus.groovy.runtime.callsite.AbstractCallSite.callConstructor(AbstractCallSite.java:250)
at io.restassured.internal.path.json.ConfigurableJsonSlurper.parseText(ConfigurableJsonSlurper.groovy:80)
at io.restassured.path.json.JsonPath$4$1.method(JsonPath.java:893)
at io.restassured.path.json.JsonPath$ExceptionCatcher.invoke(JsonPath.java:928)
... 34 more
]]>
            </full-stacktrace>
          </exception> <!-- io.restassured.path.json.exception.JsonPathException -->
          <reporter-output>
          </reporter-output>
        </test-method> <!-- when_LeftAndRightSideRequestsAreMadeWithSameID_Expect_AcceptedDataForLeftAndRight -->
        <test-method status="PASS" signature="beforeTest()[pri:0, instance:requests.SideServiceTest@4cb2c100]" name="beforeTest" is-config="true" duration-ms="0" started-at="2019-02-11T14:26:11Z" finished-at="2019-02-11T14:26:11Z">
          <reporter-output>
          </reporter-output>
        </test-method> <!-- beforeTest -->
        <test-method status="FAIL" signature="when_NegativeValueIsEnteredAsID_Expect_404NotFound()[pri:0, instance:requests.SideServiceTest@4cb2c100]" name="when_NegativeValueIsEnteredAsID_Expect_404NotFound" duration-ms="13" started-at="2019-02-11T14:26:11Z" finished-at="2019-02-11T14:26:11Z">
          <exception class="java.lang.AssertionError">
            <message>
              <![CDATA[1 expectation failed.
Expected status code <404> but was <200>.
]]>
            </message>
            <full-stacktrace>
              <![CDATA[java.lang.AssertionError: 1 expectation failed.
Expected status code <404> but was <200>.

at sun.reflect.NativeConstructorAccessorImpl.newInstance0(Native Method)
at sun.reflect.NativeConstructorAccessorImpl.newInstance(NativeConstructorAccessorImpl.java:62)
at sun.reflect.DelegatingConstructorAccessorImpl.newInstance(DelegatingConstructorAccessorImpl.java:45)
at java.lang.reflect.Constructor.newInstance(Constructor.java:423)
at org.codehaus.groovy.reflection.CachedConstructor.invoke(CachedConstructor.java:83)
at org.codehaus.groovy.reflection.CachedConstructor.doConstructorInvoke(CachedConstructor.java:77)
at org.codehaus.groovy.runtime.callsite.ConstructorSite$ConstructorSiteNoUnwrap.callConstructor(ConstructorSite.java:84)
at org.codehaus.groovy.runtime.callsite.AbstractCallSite.callConstructor(AbstractCallSite.java:250)
at io.restassured.internal.ResponseSpecificationImpl$HamcrestAssertionClosure.validate(ResponseSpecificationImpl.groovy:483)
at io.restassured.internal.ResponseSpecificationImpl$HamcrestAssertionClosure$validate$1.call(Unknown Source)
at io.restassured.internal.ResponseSpecificationImpl.validateResponseIfRequired(ResponseSpecificationImpl.groovy:655)
at sun.reflect.NativeMethodAccessorImpl.invoke0(Native Method)
at sun.reflect.NativeMethodAccessorImpl.invoke(NativeMethodAccessorImpl.java:62)
at sun.reflect.DelegatingMethodAccessorImpl.invoke(DelegatingMethodAccessorImpl.java:43)
at java.lang.reflect.Method.invoke(Method.java:498)
at org.codehaus.groovy.runtime.callsite.PogoMetaMethodSite$PogoCachedMethodSiteNoUnwrapNoCoerce.invoke(PogoMetaMethodSite.java:210)
at org.codehaus.groovy.runtime.callsite.PogoMetaMethodSite.callCurrent(PogoMetaMethodSite.java:59)
at org.codehaus.groovy.runtime.callsite.AbstractCallSite.callCurrent(AbstractCallSite.java:169)
at io.restassured.internal.ResponseSpecificationImpl.statusCode(ResponseSpecificationImpl.groovy:123)
at io.restassured.specification.ResponseSpecification$statusCode$0.callCurrent(Unknown Source)
at io.restassured.internal.ResponseSpecificationImpl.statusCode(ResponseSpecificationImpl.groovy:131)
at io.restassured.internal.ValidatableResponseOptionsImpl.statusCode(ValidatableResponseOptionsImpl.java:119)
at requests.SideServiceTest.when_NegativeValueIsEnteredAsID_Expect_404NotFound(SideServiceTest.java:221)
at sun.reflect.NativeMethodAccessorImpl.invoke0(Native Method)
at sun.reflect.NativeMethodAccessorImpl.invoke(NativeMethodAccessorImpl.java:62)
at sun.reflect.DelegatingMethodAccessorImpl.invoke(DelegatingMethodAccessorImpl.java:43)
at java.lang.reflect.Method.invoke(Method.java:498)
at org.testng.internal.MethodInvocationHelper.invokeMethod(MethodInvocationHelper.java:124)
at org.testng.internal.Invoker.invokeMethod(Invoker.java:583)
at org.testng.internal.Invoker.invokeTestMethod(Invoker.java:719)
at org.testng.internal.Invoker.invokeTestMethods(Invoker.java:989)
at org.testng.internal.TestMethodWorker.invokeTestMethods(TestMethodWorker.java:125)
at org.testng.internal.TestMethodWorker.run(TestMethodWorker.java:109)
at org.testng.TestRunner.privateRun(TestRunner.java:648)
at org.testng.TestRunner.run(TestRunner.java:505)
at org.testng.SuiteRunner.runTest(SuiteRunner.java:455)
at org.testng.SuiteRunner.runSequentially(SuiteRunner.java:450)
at org.testng.SuiteRunner.privateRun(SuiteRunner.java:415)
at org.testng.SuiteRunner.run(SuiteRunner.java:364)
at org.testng.SuiteRunnerWorker.runSuite(SuiteRunnerWorker.java:52)
at org.testng.SuiteRunnerWorker.run(SuiteRunnerWorker.java:84)
at org.testng.TestNG.runSuitesSequentially(TestNG.java:1208)
at org.testng.TestNG.runSuitesLocally(TestNG.java:1137)
at org.testng.TestNG.runSuites(TestNG.java:1049)
at org.testng.TestNG.run(TestNG.java:1017)
at org.apache.maven.surefire.testng.TestNGExecutor.run(TestNGExecutor.java:283)
at org.apache.maven.surefire.testng.TestNGXmlTestSuite.execute(TestNGXmlTestSuite.java:75)
at org.apache.maven.surefire.testng.TestNGProvider.invoke(TestNGProvider.java:120)
at org.apache.maven.surefire.booter.ForkedBooter.invokeProviderInSameClassLoader(ForkedBooter.java:383)
at org.apache.maven.surefire.booter.ForkedBooter.runSuitesInProcess(ForkedBooter.java:344)
at org.apache.maven.surefire.booter.ForkedBooter.execute(ForkedBooter.java:125)
at org.apache.maven.surefire.booter.ForkedBooter.main(ForkedBooter.java:417)
]]>
            </full-stacktrace>
          </exception> <!-- java.lang.AssertionError -->
          <reporter-output>
          </reporter-output>
        </test-method> <!-- when_NegativeValueIsEnteredAsID_Expect_404NotFound -->
        <test-method status="PASS" signature="beforeTest()[pri:0, instance:requests.SideServiceTest@4cb2c100]" name="beforeTest" is-config="true" duration-ms="0" started-at="2019-02-11T14:26:11Z" finished-at="2019-02-11T14:26:11Z">
          <reporter-output>
          </reporter-output>
        </test-method> <!-- beforeTest -->
        <test-method status="FAIL" signature="when_OnlyWhiteSpacesIsEnteredAsID_Expect_404NotFound()[pri:0, instance:requests.SideServiceTest@4cb2c100]" name="when_OnlyWhiteSpacesIsEnteredAsID_Expect_404NotFound" duration-ms="13" started-at="2019-02-11T14:26:11Z" finished-at="2019-02-11T14:26:11Z">
          <exception class="java.lang.AssertionError">
            <message>
              <![CDATA[1 expectation failed.
Expected status code <404> but was <200>.
]]>
            </message>
            <full-stacktrace>
              <![CDATA[java.lang.AssertionError: 1 expectation failed.
Expected status code <404> but was <200>.

at sun.reflect.NativeConstructorAccessorImpl.newInstance0(Native Method)
at sun.reflect.NativeConstructorAccessorImpl.newInstance(NativeConstructorAccessorImpl.java:62)
at sun.reflect.DelegatingConstructorAccessorImpl.newInstance(DelegatingConstructorAccessorImpl.java:45)
at java.lang.reflect.Constructor.newInstance(Constructor.java:423)
at org.codehaus.groovy.reflection.CachedConstructor.invoke(CachedConstructor.java:83)
at org.codehaus.groovy.reflection.CachedConstructor.doConstructorInvoke(CachedConstructor.java:77)
at org.codehaus.groovy.runtime.callsite.ConstructorSite$ConstructorSiteNoUnwrap.callConstructor(ConstructorSite.java:84)
at org.codehaus.groovy.runtime.callsite.AbstractCallSite.callConstructor(AbstractCallSite.java:250)
at io.restassured.internal.ResponseSpecificationImpl$HamcrestAssertionClosure.validate(ResponseSpecificationImpl.groovy:483)
at io.restassured.internal.ResponseSpecificationImpl$HamcrestAssertionClosure$validate$1.call(Unknown Source)
at io.restassured.internal.ResponseSpecificationImpl.validateResponseIfRequired(ResponseSpecificationImpl.groovy:655)
at sun.reflect.NativeMethodAccessorImpl.invoke0(Native Method)
at sun.reflect.NativeMethodAccessorImpl.invoke(NativeMethodAccessorImpl.java:62)
at sun.reflect.DelegatingMethodAccessorImpl.invoke(DelegatingMethodAccessorImpl.java:43)
at java.lang.reflect.Method.invoke(Method.java:498)
at org.codehaus.groovy.runtime.callsite.PogoMetaMethodSite$PogoCachedMethodSiteNoUnwrapNoCoerce.invoke(PogoMetaMethodSite.java:210)
at org.codehaus.groovy.runtime.callsite.PogoMetaMethodSite.callCurrent(PogoMetaMethodSite.java:59)
at org.codehaus.groovy.runtime.callsite.AbstractCallSite.callCurrent(AbstractCallSite.java:169)
at io.restassured.internal.ResponseSpecificationImpl.statusCode(ResponseSpecificationImpl.groovy:123)
at io.restassured.specification.ResponseSpecification$statusCode$0.callCurrent(Unknown Source)
at io.restassured.internal.ResponseSpecificationImpl.statusCode(ResponseSpecificationImpl.groovy:131)
at io.restassured.internal.ValidatableResponseOptionsImpl.statusCode(ValidatableResponseOptionsImpl.java:119)
at requests.SideServiceTest.when_OnlyWhiteSpacesIsEnteredAsID_Expect_404NotFound(SideServiceTest.java:200)
at sun.reflect.NativeMethodAccessorImpl.invoke0(Native Method)
at sun.reflect.NativeMethodAccessorImpl.invoke(NativeMethodAccessorImpl.java:62)
at sun.reflect.DelegatingMethodAccessorImpl.invoke(DelegatingMethodAccessorImpl.java:43)
at java.lang.reflect.Method.invoke(Method.java:498)
at org.testng.internal.MethodInvocationHelper.invokeMethod(MethodInvocationHelper.java:124)
at org.testng.internal.Invoker.invokeMethod(Invoker.java:583)
at org.testng.internal.Invoker.invokeTestMethod(Invoker.java:719)
at org.testng.internal.Invoker.invokeTestMethods(Invoker.java:989)
at org.testng.internal.TestMethodWorker.invokeTestMethods(TestMethodWorker.java:125)
at org.testng.internal.TestMethodWorker.run(TestMethodWorker.java:109)
at org.testng.TestRunner.privateRun(TestRunner.java:648)
at org.testng.TestRunner.run(TestRunner.java:505)
at org.testng.SuiteRunner.runTest(SuiteRunner.java:455)
at org.testng.SuiteRunner.runSequentially(SuiteRunner.java:450)
at org.testng.SuiteRunner.privateRun(SuiteRunner.java:415)
at org.testng.SuiteRunner.run(SuiteRunner.java:364)
at org.testng.SuiteRunnerWorker.runSuite(SuiteRunnerWorker.java:52)
at org.testng.SuiteRunnerWorker.run(SuiteRunnerWorker.java:84)
at org.testng.TestNG.runSuitesSequentially(TestNG.java:1208)
at org.testng.TestNG.runSuitesLocally(TestNG.java:1137)
at org.testng.TestNG.runSuites(TestNG.java:1049)
at org.testng.TestNG.run(TestNG.java:1017)
at org.apache.maven.surefire.testng.TestNGExecutor.run(TestNGExecutor.java:283)
at org.apache.maven.surefire.testng.TestNGXmlTestSuite.execute(TestNGXmlTestSuite.java:75)
at org.apache.maven.surefire.testng.TestNGProvider.invoke(TestNGProvider.java:120)
at org.apache.maven.surefire.booter.ForkedBooter.invokeProviderInSameClassLoader(ForkedBooter.java:383)
at org.apache.maven.surefire.booter.ForkedBooter.runSuitesInProcess(ForkedBooter.java:344)
at org.apache.maven.surefire.booter.ForkedBooter.execute(ForkedBooter.java:125)
at org.apache.maven.surefire.booter.ForkedBooter.main(ForkedBooter.java:417)
]]>
            </full-stacktrace>
          </exception> <!-- java.lang.AssertionError -->
          <reporter-output>
          </reporter-output>
        </test-method> <!-- when_OnlyWhiteSpacesIsEnteredAsID_Expect_404NotFound -->
        <test-method status="PASS" signature="when_OnlyWhiteSpacesIsEnteredAsSide_Expect_SideNameNotSupportedException()[pri:0, instance:requests.SideServiceTest@4cb2c100]" name="when_OnlyWhiteSpacesIsEnteredAsSide_Expect_SideNameNotSupportedException" duration-ms="26" started-at="2019-02-11T14:26:11Z" finished-at="2019-02-11T14:26:11Z">
          <reporter-output>
          </reporter-output>
        </test-method> <!-- when_OnlyWhiteSpacesIsEnteredAsSide_Expect_SideNameNotSupportedException -->
        <test-method status="PASS" signature="beforeTest()[pri:0, instance:requests.SideServiceTest@4cb2c100]" name="beforeTest" is-config="true" duration-ms="0" started-at="2019-02-11T14:26:11Z" finished-at="2019-02-11T14:26:11Z">
          <reporter-output>
          </reporter-output>
        </test-method> <!-- beforeTest -->
        <test-method status="FAIL" signature="when_SameSideRequestsAreMadeWithSameID_Expect_UpdatedData()[pri:0, instance:requests.SideServiceTest@4cb2c100]" name="when_SameSideRequestsAreMadeWithSameID_Expect_UpdatedData" duration-ms="38" started-at="2019-02-11T14:26:11Z" finished-at="2019-02-11T14:26:11Z">
          <exception class="java.lang.AssertionError">
            <message>
              <![CDATA[expected [RHJvcHBlZCBkb3du] but found [null]]]>
            </message>
            <full-stacktrace>
              <![CDATA[java.lang.AssertionError: expected [RHJvcHBlZCBkb3du] but found [null]
at org.testng.Assert.fail(Assert.java:96)
at org.testng.Assert.failNotEquals(Assert.java:776)
at org.testng.Assert.assertEqualsImpl(Assert.java:132)
at org.testng.Assert.assertEquals(Assert.java:118)
at org.testng.Assert.assertEquals(Assert.java:453)
at org.testng.Assert.assertEquals(Assert.java:463)
at requests.SideServiceTest.when_SameSideRequestsAreMadeWithSameID_Expect_UpdatedData(SideServiceTest.java:505)
at sun.reflect.NativeMethodAccessorImpl.invoke0(Native Method)
at sun.reflect.NativeMethodAccessorImpl.invoke(NativeMethodAccessorImpl.java:62)
at sun.reflect.DelegatingMethodAccessorImpl.invoke(DelegatingMethodAccessorImpl.java:43)
at java.lang.reflect.Method.invoke(Method.java:498)
at org.testng.internal.MethodInvocationHelper.invokeMethod(MethodInvocationHelper.java:124)
at org.testng.internal.Invoker.invokeMethod(Invoker.java:583)
at org.testng.internal.Invoker.invokeTestMethod(Invoker.java:719)
at org.testng.internal.Invoker.invokeTestMethods(Invoker.java:989)
at org.testng.internal.TestMethodWorker.invokeTestMethods(TestMethodWorker.java:125)
at org.testng.internal.TestMethodWorker.run(TestMethodWorker.java:109)
at org.testng.TestRunner.privateRun(TestRunner.java:648)
at org.testng.TestRunner.run(TestRunner.java:505)
at org.testng.SuiteRunner.runTest(SuiteRunner.java:455)
at org.testng.SuiteRunner.runSequentially(SuiteRunner.java:450)
at org.testng.SuiteRunner.privateRun(SuiteRunner.java:415)
at org.testng.SuiteRunner.run(SuiteRunner.java:364)
at org.testng.SuiteRunnerWorker.runSuite(SuiteRunnerWorker.java:52)
at org.testng.SuiteRunnerWorker.run(SuiteRunnerWorker.java:84)
at org.testng.TestNG.runSuitesSequentially(TestNG.java:1208)
at org.testng.TestNG.runSuitesLocally(TestNG.java:1137)
at org.testng.TestNG.runSuites(TestNG.java:1049)
at org.testng.TestNG.run(TestNG.java:1017)
at org.apache.maven.surefire.testng.TestNGExecutor.run(TestNGExecutor.java:283)
at org.apache.maven.surefire.testng.TestNGXmlTestSuite.execute(TestNGXmlTestSuite.java:75)
at org.apache.maven.surefire.testng.TestNGProvider.invoke(TestNGProvider.java:120)
at org.apache.maven.surefire.booter.ForkedBooter.invokeProviderInSameClassLoader(ForkedBooter.java:383)
at org.apache.maven.surefire.booter.ForkedBooter.runSuitesInProcess(ForkedBooter.java:344)
at org.apache.maven.surefire.booter.ForkedBooter.execute(ForkedBooter.java:125)
at org.apache.maven.surefire.booter.ForkedBooter.main(ForkedBooter.java:417)
]]>
            </full-stacktrace>
          </exception> <!-- java.lang.AssertionError -->
          <reporter-output>
          </reporter-output>
        </test-method> <!-- when_SameSideRequestsAreMadeWithSameID_Expect_UpdatedData -->
        <test-method status="PASS" signature="beforeTest()[pri:0, instance:requests.SideServiceTest@4cb2c100]" name="beforeTest" is-config="true" duration-ms="0" started-at="2019-02-11T14:26:11Z" finished-at="2019-02-11T14:26:11Z">
          <reporter-output>
          </reporter-output>
        </test-method> <!-- beforeTest -->
        <test-method status="PASS" signature="when_SideRequestContentTypeIsHTML_Expect_415UnsupportedMediaType()[pri:0, instance:requests.SideServiceTest@4cb2c100]" name="when_SideRequestContentTypeIsHTML_Expect_415UnsupportedMediaType" duration-ms="15" started-at="2019-02-11T14:26:11Z" finished-at="2019-02-11T14:26:12Z">
          <reporter-output>
          </reporter-output>
        </test-method> <!-- when_SideRequestContentTypeIsHTML_Expect_415UnsupportedMediaType -->
        <test-method status="PASS" signature="beforeTest()[pri:0, instance:requests.SideServiceTest@4cb2c100]" name="beforeTest" is-config="true" duration-ms="0" started-at="2019-02-11T14:26:11Z" finished-at="2019-02-11T14:26:11Z">
          <reporter-output>
          </reporter-output>
        </test-method> <!-- beforeTest -->
        <test-method status="PASS" signature="when_SideRequestContentTypeIsText_Expect_415UnsupportedMediaType()[pri:0, instance:requests.SideServiceTest@4cb2c100]" name="when_SideRequestContentTypeIsText_Expect_415UnsupportedMediaType" duration-ms="22" started-at="2019-02-11T14:26:12Z" finished-at="2019-02-11T14:26:12Z">
          <reporter-output>
          </reporter-output>
        </test-method> <!-- when_SideRequestContentTypeIsText_Expect_415UnsupportedMediaType -->
        <test-method status="PASS" signature="beforeTest()[pri:0, instance:requests.SideServiceTest@4cb2c100]" name="beforeTest" is-config="true" duration-ms="0" started-at="2019-02-11T14:26:12Z" finished-at="2019-02-11T14:26:12Z">
          <reporter-output>
          </reporter-output>
        </test-method> <!-- beforeTest -->
        <test-method status="PASS" signature="beforeTest()[pri:0, instance:requests.SideServiceTest@4cb2c100]" name="beforeTest" is-config="true" duration-ms="0" started-at="2019-02-11T14:26:12Z" finished-at="2019-02-11T14:26:12Z">
          <reporter-output>
          </reporter-output>
        </test-method> <!-- beforeTest -->
        <test-method status="PASS" signature="when_SideRequestContentTypeIsXml_Expect_415UnsupportedMediaType()[pri:0, instance:requests.SideServiceTest@4cb2c100]" name="when_SideRequestContentTypeIsXml_Expect_415UnsupportedMediaType" duration-ms="13" started-at="2019-02-11T14:26:12Z" finished-at="2019-02-11T14:26:12Z">
          <reporter-output>
          </reporter-output>
        </test-method> <!-- when_SideRequestContentTypeIsXml_Expect_415UnsupportedMediaType -->
        <test-method status="PASS" signature="beforeTest()[pri:0, instance:requests.SideServiceTest@4cb2c100]" name="beforeTest" is-config="true" duration-ms="1" started-at="2019-02-11T14:26:12Z" finished-at="2019-02-11T14:26:12Z">
          <reporter-output>
          </reporter-output>
        </test-method> <!-- beforeTest -->
        <test-method status="PASS" signature="when_SideRequestHasNoContentType_Expect_415UnsupportedMediaType()[pri:0, instance:requests.SideServiceTest@4cb2c100]" name="when_SideRequestHasNoContentType_Expect_415UnsupportedMediaType" duration-ms="11" started-at="2019-02-11T14:26:12Z" finished-at="2019-02-11T14:26:12Z">
          <reporter-output>
          </reporter-output>
        </test-method> <!-- when_SideRequestHasNoContentType_Expect_415UnsupportedMediaType -->
        <test-method status="PASS" signature="beforeTest()[pri:0, instance:requests.SideServiceTest@4cb2c100]" name="beforeTest" is-config="true" duration-ms="0" started-at="2019-02-11T14:26:12Z" finished-at="2019-02-11T14:26:12Z">
          <reporter-output>
          </reporter-output>
        </test-method> <!-- beforeTest -->
        <test-method status="PASS" signature="when_SideRequestMethodIsPUT_Expect_405MethodNotAllowed()[pri:0, instance:requests.SideServiceTest@4cb2c100]" name="when_SideRequestMethodIsPUT_Expect_405MethodNotAllowed" duration-ms="22" started-at="2019-02-11T14:26:12Z" finished-at="2019-02-11T14:26:12Z">
          <reporter-output>
          </reporter-output>
        </test-method> <!-- when_SideRequestMethodIsPUT_Expect_405MethodNotAllowed -->
        <test-method status="PASS" signature="beforeTest()[pri:0, instance:requests.SideServiceTest@4cb2c100]" name="beforeTest" is-config="true" duration-ms="0" started-at="2019-02-11T14:26:12Z" finished-at="2019-02-11T14:26:12Z">
          <reporter-output>
          </reporter-output>
        </test-method> <!-- beforeTest -->
        <test-method status="PASS" signature="when_UpIsEnteredAsSide_Expect_SideNameNotSupportedException()[pri:0, instance:requests.SideServiceTest@4cb2c100]" name="when_UpIsEnteredAsSide_Expect_SideNameNotSupportedException" duration-ms="33" started-at="2019-02-11T14:26:12Z" finished-at="2019-02-11T14:26:12Z">
          <reporter-output>
          </reporter-output>
        </test-method> <!-- when_UpIsEnteredAsSide_Expect_SideNameNotSupportedException -->
        <test-method status="PASS" signature="beforeTest()[pri:0, instance:requests.SideServiceTest@4cb2c100]" name="beforeTest" is-config="true" duration-ms="0" started-at="2019-02-11T14:26:12Z" finished-at="2019-02-11T14:26:12Z">
          <reporter-output>
          </reporter-output>
        </test-method> <!-- beforeTest -->
        <test-method status="FAIL" signature="when_ValidLeftSideRequestIsMade_Expect_AcceptedLeftSideBase64Data()[pri:0, instance:requests.SideServiceTest@4cb2c100]" name="when_ValidLeftSideRequestIsMade_Expect_AcceptedLeftSideBase64Data" duration-ms="36" started-at="2019-02-11T14:26:12Z" finished-at="2019-02-11T14:26:12Z">
          <exception class="java.lang.AssertionError">
            <message>
              <![CDATA[expected [MTIzNDU2Nzg5MDAw] but found [null]]]>
            </message>
            <full-stacktrace>
              <![CDATA[java.lang.AssertionError: expected [MTIzNDU2Nzg5MDAw] but found [null]
at org.testng.Assert.fail(Assert.java:96)
at org.testng.Assert.failNotEquals(Assert.java:776)
at org.testng.Assert.assertEqualsImpl(Assert.java:132)
at org.testng.Assert.assertEquals(Assert.java:118)
at org.testng.Assert.assertEquals(Assert.java:453)
at org.testng.Assert.assertEquals(Assert.java:463)
at requests.SideServiceTest.when_ValidLeftSideRequestIsMade_Expect_AcceptedLeftSideBase64Data(SideServiceTest.java:437)
at sun.reflect.NativeMethodAccessorImpl.invoke0(Native Method)
at sun.reflect.NativeMethodAccessorImpl.invoke(NativeMethodAccessorImpl.java:62)
at sun.reflect.DelegatingMethodAccessorImpl.invoke(DelegatingMethodAccessorImpl.java:43)
at java.lang.reflect.Method.invoke(Method.java:498)
at org.testng.internal.MethodInvocationHelper.invokeMethod(MethodInvocationHelper.java:124)
at org.testng.internal.Invoker.invokeMethod(Invoker.java:583)
at org.testng.internal.Invoker.invokeTestMethod(Invoker.java:719)
at org.testng.internal.Invoker.invokeTestMethods(Invoker.java:989)
at org.testng.internal.TestMethodWorker.invokeTestMethods(TestMethodWorker.java:125)
at org.testng.internal.TestMethodWorker.run(TestMethodWorker.java:109)
at org.testng.TestRunner.privateRun(TestRunner.java:648)
at org.testng.TestRunner.run(TestRunner.java:505)
at org.testng.SuiteRunner.runTest(SuiteRunner.java:455)
at org.testng.SuiteRunner.runSequentially(SuiteRunner.java:450)
at org.testng.SuiteRunner.privateRun(SuiteRunner.java:415)
at org.testng.SuiteRunner.run(SuiteRunner.java:364)
at org.testng.SuiteRunnerWorker.runSuite(SuiteRunnerWorker.java:52)
at org.testng.SuiteRunnerWorker.run(SuiteRunnerWorker.java:84)
at org.testng.TestNG.runSuitesSequentially(TestNG.java:1208)
at org.testng.TestNG.runSuitesLocally(TestNG.java:1137)
at org.testng.TestNG.runSuites(TestNG.java:1049)
at org.testng.TestNG.run(TestNG.java:1017)
at org.apache.maven.surefire.testng.TestNGExecutor.run(TestNGExecutor.java:283)
at org.apache.maven.surefire.testng.TestNGXmlTestSuite.execute(TestNGXmlTestSuite.java:75)
at org.apache.maven.surefire.testng.TestNGProvider.invoke(TestNGProvider.java:120)
at org.apache.maven.surefire.booter.ForkedBooter.invokeProviderInSameClassLoader(ForkedBooter.java:383)
at org.apache.maven.surefire.booter.ForkedBooter.runSuitesInProcess(ForkedBooter.java:344)
at org.apache.maven.surefire.booter.ForkedBooter.execute(ForkedBooter.java:125)
at org.apache.maven.surefire.booter.ForkedBooter.main(ForkedBooter.java:417)
]]>
            </full-stacktrace>
          </exception> <!-- java.lang.AssertionError -->
          <reporter-output>
          </reporter-output>
        </test-method> <!-- when_ValidLeftSideRequestIsMade_Expect_AcceptedLeftSideBase64Data -->
        <test-method status="FAIL" signature="when_ValidRightSideRequestIsMade_Expect_AcceptedRightSideBase64Data()[pri:0, instance:requests.SideServiceTest@4cb2c100]" name="when_ValidRightSideRequestIsMade_Expect_AcceptedRightSideBase64Data" duration-ms="23" started-at="2019-02-11T14:26:12Z" finished-at="2019-02-11T14:26:12Z">
          <exception class="java.lang.AssertionError">
            <message>
              <![CDATA[expected [MTIzNDVhYmNk] but found [null]]]>
            </message>
            <full-stacktrace>
              <![CDATA[java.lang.AssertionError: expected [MTIzNDVhYmNk] but found [null]
at org.testng.Assert.fail(Assert.java:96)
at org.testng.Assert.failNotEquals(Assert.java:776)
at org.testng.Assert.assertEqualsImpl(Assert.java:132)
at org.testng.Assert.assertEquals(Assert.java:118)
at org.testng.Assert.assertEquals(Assert.java:453)
at org.testng.Assert.assertEquals(Assert.java:463)
at requests.SideServiceTest.when_ValidRightSideRequestIsMade_Expect_AcceptedRightSideBase64Data(SideServiceTest.java:453)
at sun.reflect.NativeMethodAccessorImpl.invoke0(Native Method)
at sun.reflect.NativeMethodAccessorImpl.invoke(NativeMethodAccessorImpl.java:62)
at sun.reflect.DelegatingMethodAccessorImpl.invoke(DelegatingMethodAccessorImpl.java:43)
at java.lang.reflect.Method.invoke(Method.java:498)
at org.testng.internal.MethodInvocationHelper.invokeMethod(MethodInvocationHelper.java:124)
at org.testng.internal.Invoker.invokeMethod(Invoker.java:583)
at org.testng.internal.Invoker.invokeTestMethod(Invoker.java:719)
at org.testng.internal.Invoker.invokeTestMethods(Invoker.java:989)
at org.testng.internal.TestMethodWorker.invokeTestMethods(TestMethodWorker.java:125)
at org.testng.internal.TestMethodWorker.run(TestMethodWorker.java:109)
at org.testng.TestRunner.privateRun(TestRunner.java:648)
at org.testng.TestRunner.run(TestRunner.java:505)
at org.testng.SuiteRunner.runTest(SuiteRunner.java:455)
at org.testng.SuiteRunner.runSequentially(SuiteRunner.java:450)
at org.testng.SuiteRunner.privateRun(SuiteRunner.java:415)
at org.testng.SuiteRunner.run(SuiteRunner.java:364)
at org.testng.SuiteRunnerWorker.runSuite(SuiteRunnerWorker.java:52)
at org.testng.SuiteRunnerWorker.run(SuiteRunnerWorker.java:84)
at org.testng.TestNG.runSuitesSequentially(TestNG.java:1208)
at org.testng.TestNG.runSuitesLocally(TestNG.java:1137)
at org.testng.TestNG.runSuites(TestNG.java:1049)
at org.testng.TestNG.run(TestNG.java:1017)
at org.apache.maven.surefire.testng.TestNGExecutor.run(TestNGExecutor.java:283)
at org.apache.maven.surefire.testng.TestNGXmlTestSuite.execute(TestNGXmlTestSuite.java:75)
at org.apache.maven.surefire.testng.TestNGProvider.invoke(TestNGProvider.java:120)
at org.apache.maven.surefire.booter.ForkedBooter.invokeProviderInSameClassLoader(ForkedBooter.java:383)
at org.apache.maven.surefire.booter.ForkedBooter.runSuitesInProcess(ForkedBooter.java:344)
at org.apache.maven.surefire.booter.ForkedBooter.execute(ForkedBooter.java:125)
at org.apache.maven.surefire.booter.ForkedBooter.main(ForkedBooter.java:417)
]]>
            </full-stacktrace>
          </exception> <!-- java.lang.AssertionError -->
          <reporter-output>
          </reporter-output>
        </test-method> <!-- when_ValidRightSideRequestIsMade_Expect_AcceptedRightSideBase64Data -->
        <test-method status="PASS" signature="beforeTest()[pri:0, instance:requests.SideServiceTest@4cb2c100]" name="beforeTest" is-config="true" duration-ms="0" started-at="2019-02-11T14:26:12Z" finished-at="2019-02-11T14:26:12Z">
          <reporter-output>
          </reporter-output>
        </test-method> <!-- beforeTest -->
      </class> <!-- requests.SideServiceTest -->
    </test> <!-- Differ Regression Tests -->
  </suite> <!-- Differ Regression Test Suite -->
</testng-results>
