<?xml version="1.0" encoding="UTF-8"?>
<!-- Generated by org.testng.reporters.JUnitXMLReporter -->
<testsuite hostname="aotulana-pc" ignored="0" name="Differ Regression Tests" tests="28" failures="8" timestamp="11 Feb 2019 14:26:12 GMT" time="2.646" errors="0">
  <testcase name="when_AlphabetOnlyIsEnteredAsID_Expect_415UnsupportedMediaType" time="0.969" classname="requests.SideServiceTest"/>
  <testcase name="when_AlphanumericValueIsEnteredAsID_Expect_404NotFound" time="0.019" classname="requests.SideServiceTest"/>
  <testcase name="when_BodyDataIsNotBase64Encoded_Expect_DataNotBase64Exception" time="0.392" classname="requests.SideServiceTest"/>
  <testcase name="when_BodyIsNotPassedInSideRequest_Expect_400BadRequest" time="0.04" classname="requests.SideServiceTest"/>
  <testcase name="when_EmptyStringIsEnteredAsID_Expect_404NotFound" time="0.016" classname="requests.SideServiceTest"/>
  <testcase name="when_EmptyStringIsPassedAsBody_Expect_400BadRequest" time="0.028" classname="requests.SideServiceTest">
    <failure type="java.lang.AssertionError" message="1 expectation failed.
Expected status code &amp;lt;400&amp;gt; but was &amp;lt;200&amp;gt;.
">
      <![CDATA[java.lang.AssertionError: 1 expectation failed.
Expected status code <400> but was <200>.

at org.codehaus.groovy.runtime.callsite.ConstructorSite$ConstructorSiteNoUnwrap.callConstructor(ConstructorSite.java:84)
at org.codehaus.groovy.runtime.callsite.CallSiteArray.defaultCallConstructor(CallSiteArray.java:59)
at org.codehaus.groovy.runtime.callsite.AbstractCallSite.callConstructor(AbstractCallSite.java:238)
at org.codehaus.groovy.runtime.callsite.AbstractCallSite.callConstructor(AbstractCallSite.java:250)
at io.restassured.internal.ResponseSpecificationImpl$HamcrestAssertionClosure.validate(ResponseSpecificationImpl.groovy:483)
at io.restassured.internal.ResponseSpecificationImpl$HamcrestAssertionClosure$validate$1.call(Unknown Source)
at io.restassured.internal.ResponseSpecificationImpl.validateResponseIfRequired(ResponseSpecificationImpl.groovy:655)
at org.codehaus.groovy.runtime.callsite.PogoMetaMethodSite$PogoCachedMethodSiteNoUnwrapNoCoerce.invoke(PogoMetaMethodSite.java:210)
at org.codehaus.groovy.runtime.callsite.PogoMetaMethodSite.callCurrent(PogoMetaMethodSite.java:59)
at org.codehaus.groovy.runtime.callsite.AbstractCallSite.callCurrent(AbstractCallSite.java:169)
at io.restassured.internal.ResponseSpecificationImpl.statusCode(ResponseSpecificationImpl.groovy:123)
at io.restassured.specification.ResponseSpecification$statusCode$0.callCurrent(Unknown Source)
at io.restassured.internal.ResponseSpecificationImpl.statusCode(ResponseSpecificationImpl.groovy:131)
at io.restassured.internal.ValidatableResponseOptionsImpl.statusCode(ValidatableResponseOptionsImpl.java:119)
at requests.SideServiceTest.when_EmptyStringIsPassedAsBody_Expect_400BadRequest(SideServiceTest.java:403)
... Removed 39 stack frames]]>
    </failure>
  </testcase> <!-- when_EmptyStringIsPassedAsBody_Expect_400BadRequest -->
  <testcase name="when_EmptyStringIsPassedAsSide_Expect_SideNameNotSupportedException" time="0.015" classname="requests.SideServiceTest"/>
  <testcase name="when_LeftAndRightSideRequestsAreMadeWithSameID_Expect_AcceptedDataForLeftAndRight" time="0.036" classname="requests.SideServiceTest">
    <failure type="io.restassured.path.json.exception.JsonPathException" message="Failed to parse the JSON document">
      <![CDATA[io.restassured.path.json.exception.JsonPathException: Failed to parse the JSON document
at io.restassured.path.json.JsonPath$ExceptionCatcher.invoke(JsonPath.java:930)
at io.restassured.path.json.JsonPath$4.doParseWith(JsonPath.java:895)
at io.restassured.path.json.JsonPath$JsonParser.parseWith(JsonPath.java:975)
at io.restassured.path.json.JsonPath.get(JsonPath.java:201)
at io.restassured.path.json.JsonPath.getString(JsonPath.java:351)
at requests.SideServiceTest.when_LeftAndRightSideRequestsAreMadeWithSameID_Expect_AcceptedDataForLeftAndRight(SideServiceTest.java:473)
Caused by: java.lang.IllegalArgumentException: The JSON input text should neither be null nor empty.
at org.codehaus.groovy.runtime.callsite.ConstructorSite$ConstructorSiteNoUnwrapNoCoerce.callConstructor(ConstructorSite.java:105)
at org.codehaus.groovy.runtime.callsite.CallSiteArray.defaultCallConstructor(CallSiteArray.java:59)
at org.codehaus.groovy.runtime.callsite.AbstractCallSite.callConstructor(AbstractCallSite.java:238)
at org.codehaus.groovy.runtime.callsite.AbstractCallSite.callConstructor(AbstractCallSite.java:250)
at io.restassured.internal.path.json.ConfigurableJsonSlurper.parseText(ConfigurableJsonSlurper.groovy:80)
at io.restassured.path.json.JsonPath$4$1.method(JsonPath.java:893)
at io.restassured.path.json.JsonPath$ExceptionCatcher.invoke(JsonPath.java:928)
... 34 more
... Removed 34 stack frames]]>
    </failure>
  </testcase> <!-- when_LeftAndRightSideRequestsAreMadeWithSameID_Expect_AcceptedDataForLeftAndRight -->
  <testcase name="when_NegativeValueIsEnteredAsID_Expect_404NotFound" time="0.013" classname="requests.SideServiceTest">
    <failure type="java.lang.AssertionError" message="1 expectation failed.
Expected status code &amp;lt;404&amp;gt; but was &amp;lt;200&amp;gt;.
">
      <![CDATA[java.lang.AssertionError: 1 expectation failed.
Expected status code <404> but was <200>.

at org.codehaus.groovy.runtime.callsite.ConstructorSite$ConstructorSiteNoUnwrap.callConstructor(ConstructorSite.java:84)
at org.codehaus.groovy.runtime.callsite.AbstractCallSite.callConstructor(AbstractCallSite.java:250)
at io.restassured.internal.ResponseSpecificationImpl$HamcrestAssertionClosure.validate(ResponseSpecificationImpl.groovy:483)
at io.restassured.internal.ResponseSpecificationImpl$HamcrestAssertionClosure$validate$1.call(Unknown Source)
at io.restassured.internal.ResponseSpecificationImpl.validateResponseIfRequired(ResponseSpecificationImpl.groovy:655)
at org.codehaus.groovy.runtime.callsite.PogoMetaMethodSite$PogoCachedMethodSiteNoUnwrapNoCoerce.invoke(PogoMetaMethodSite.java:210)
at org.codehaus.groovy.runtime.callsite.PogoMetaMethodSite.callCurrent(PogoMetaMethodSite.java:59)
at org.codehaus.groovy.runtime.callsite.AbstractCallSite.callCurrent(AbstractCallSite.java:169)
at io.restassured.internal.ResponseSpecificationImpl.statusCode(ResponseSpecificationImpl.groovy:123)
at io.restassured.specification.ResponseSpecification$statusCode$0.callCurrent(Unknown Source)
at io.restassured.internal.ResponseSpecificationImpl.statusCode(ResponseSpecificationImpl.groovy:131)
at io.restassured.internal.ValidatableResponseOptionsImpl.statusCode(ValidatableResponseOptionsImpl.java:119)
at requests.SideServiceTest.when_NegativeValueIsEnteredAsID_Expect_404NotFound(SideServiceTest.java:221)
... Removed 39 stack frames]]>
    </failure>
  </testcase> <!-- when_NegativeValueIsEnteredAsID_Expect_404NotFound -->
  <testcase name="when_OnlyWhiteSpacesIsEnteredAsID_Expect_404NotFound" time="0.013" classname="requests.SideServiceTest">
    <failure type="java.lang.AssertionError" message="1 expectation failed.
Expected status code &amp;lt;404&amp;gt; but was &amp;lt;200&amp;gt;.
">
      <![CDATA[java.lang.AssertionError: 1 expectation failed.
Expected status code <404> but was <200>.

at org.codehaus.groovy.runtime.callsite.ConstructorSite$ConstructorSiteNoUnwrap.callConstructor(ConstructorSite.java:84)
at org.codehaus.groovy.runtime.callsite.AbstractCallSite.callConstructor(AbstractCallSite.java:250)
at io.restassured.internal.ResponseSpecificationImpl$HamcrestAssertionClosure.validate(ResponseSpecificationImpl.groovy:483)
at io.restassured.internal.ResponseSpecificationImpl$HamcrestAssertionClosure$validate$1.call(Unknown Source)
at io.restassured.internal.ResponseSpecificationImpl.validateResponseIfRequired(ResponseSpecificationImpl.groovy:655)
at org.codehaus.groovy.runtime.callsite.PogoMetaMethodSite$PogoCachedMethodSiteNoUnwrapNoCoerce.invoke(PogoMetaMethodSite.java:210)
at org.codehaus.groovy.runtime.callsite.PogoMetaMethodSite.callCurrent(PogoMetaMethodSite.java:59)
at org.codehaus.groovy.runtime.callsite.AbstractCallSite.callCurrent(AbstractCallSite.java:169)
at io.restassured.internal.ResponseSpecificationImpl.statusCode(ResponseSpecificationImpl.groovy:123)
at io.restassured.specification.ResponseSpecification$statusCode$0.callCurrent(Unknown Source)
at io.restassured.internal.ResponseSpecificationImpl.statusCode(ResponseSpecificationImpl.groovy:131)
at io.restassured.internal.ValidatableResponseOptionsImpl.statusCode(ValidatableResponseOptionsImpl.java:119)
at requests.SideServiceTest.when_OnlyWhiteSpacesIsEnteredAsID_Expect_404NotFound(SideServiceTest.java:200)
... Removed 39 stack frames]]>
    </failure>
  </testcase> <!-- when_OnlyWhiteSpacesIsEnteredAsID_Expect_404NotFound -->
  <testcase name="when_OnlyWhiteSpacesIsEnteredAsSide_Expect_SideNameNotSupportedException" time="0.026" classname="requests.SideServiceTest"/>
  <testcase name="when_SameSideRequestsAreMadeWithSameID_Expect_UpdatedData" time="0.038" classname="requests.SideServiceTest">
    <failure type="java.lang.AssertionError" message="expected [RHJvcHBlZCBkb3du] but found [null]">
      <![CDATA[java.lang.AssertionError: expected [RHJvcHBlZCBkb3du] but found [null]
at requests.SideServiceTest.when_SameSideRequestsAreMadeWithSameID_Expect_UpdatedData(SideServiceTest.java:505)
... Removed 35 stack frames]]>
    </failure>
  </testcase> <!-- when_SameSideRequestsAreMadeWithSameID_Expect_UpdatedData -->
  <testcase name="when_SideRequestContentTypeIsHTML_Expect_415UnsupportedMediaType" time="0.015" classname="requests.SideServiceTest"/>
  <testcase name="when_SideRequestContentTypeIsText_Expect_415UnsupportedMediaType" time="0.022" classname="requests.SideServiceTest"/>
  <testcase name="when_SideRequestContentTypeIsXml_Expect_415UnsupportedMediaType" time="0.013" classname="requests.SideServiceTest"/>
  <testcase name="when_SideRequestHasNoContentType_Expect_415UnsupportedMediaType" time="0.011" classname="requests.SideServiceTest"/>
  <testcase name="when_SideRequestMethodIsPUT_Expect_405MethodNotAllowed" time="0.022" classname="requests.SideServiceTest"/>
  <testcase name="when_UpIsEnteredAsSide_Expect_SideNameNotSupportedException" time="0.033" classname="requests.SideServiceTest"/>
  <testcase name="when_ValidLeftSideRequestIsMade_Expect_AcceptedLeftSideBase64Data" time="0.036" classname="requests.SideServiceTest">
    <failure type="java.lang.AssertionError" message="expected [MTIzNDU2Nzg5MDAw] but found [null]">
      <![CDATA[java.lang.AssertionError: expected [MTIzNDU2Nzg5MDAw] but found [null]
at requests.SideServiceTest.when_ValidLeftSideRequestIsMade_Expect_AcceptedLeftSideBase64Data(SideServiceTest.java:437)
... Removed 35 stack frames]]>
    </failure>
  </testcase> <!-- when_ValidLeftSideRequestIsMade_Expect_AcceptedLeftSideBase64Data -->
  <testcase name="when_ValidRightSideRequestIsMade_Expect_AcceptedRightSideBase64Data" time="0.023" classname="requests.SideServiceTest">
    <failure type="java.lang.AssertionError" message="expected [MTIzNDVhYmNk] but found [null]">
      <![CDATA[java.lang.AssertionError: expected [MTIzNDVhYmNk] but found [null]
at requests.SideServiceTest.when_ValidRightSideRequestIsMade_Expect_AcceptedRightSideBase64Data(SideServiceTest.java:453)
... Removed 35 stack frames]]>
    </failure>
  </testcase> <!-- when_ValidRightSideRequestIsMade_Expect_AcceptedRightSideBase64Data -->
  <testcase name="when_DiffRequestIsDelete_Expect_405MethodNotAllowed" time="0.085" classname="requests.DifferServiceTest"/>
  <testcase name="when_EqualSidesAreDiffed_Expect_Equal" time="0.073" classname="requests.DifferServiceTest"/>
  <testcase name="when_IDThatIsNotInitializedIsDiffed_Expect_IDNotInitialized" time="0.027" classname="requests.DifferServiceTest"/>
  <testcase name="when_SidesAreDiffedAndLeftSideIsNull_Expect_DifferentLengthAndLeftHasNoValue" time="0.048" classname="requests.DifferServiceTest"/>
  <testcase name="when_SidesAreDiffedAndRightSideIsNull_Expect_DifferentLengthAndRightHasNoValue" time="0.021" classname="requests.DifferServiceTest">
    <failure type="java.lang.AssertionError" message="1 expectation failed.
Expected status code &amp;lt;200&amp;gt; but was &amp;lt;204&amp;gt;.
">
      <![CDATA[java.lang.AssertionError: 1 expectation failed.
Expected status code <200> but was <204>.

at org.codehaus.groovy.runtime.callsite.ConstructorSite$ConstructorSiteNoUnwrap.callConstructor(ConstructorSite.java:84)
at org.codehaus.groovy.runtime.callsite.AbstractCallSite.callConstructor(AbstractCallSite.java:250)
at io.restassured.internal.ResponseSpecificationImpl$HamcrestAssertionClosure.validate(ResponseSpecificationImpl.groovy:483)
at io.restassured.internal.ResponseSpecificationImpl$HamcrestAssertionClosure$validate$1.call(Unknown Source)
at io.restassured.internal.ResponseSpecificationImpl.validateResponseIfRequired(ResponseSpecificationImpl.groovy:655)
at org.codehaus.groovy.runtime.callsite.PogoMetaMethodSite$PogoCachedMethodSiteNoUnwrapNoCoerce.invoke(PogoMetaMethodSite.java:210)
at org.codehaus.groovy.runtime.callsite.PogoMetaMethodSite.callCurrent(PogoMetaMethodSite.java:59)
at org.codehaus.groovy.runtime.callsite.AbstractCallSite.callCurrent(AbstractCallSite.java:169)
at io.restassured.internal.ResponseSpecificationImpl.statusCode(ResponseSpecificationImpl.groovy:123)
at io.restassured.specification.ResponseSpecification$statusCode$0.callCurrent(Unknown Source)
at io.restassured.internal.ResponseSpecificationImpl.statusCode(ResponseSpecificationImpl.groovy:131)
at io.restassured.internal.ValidatableResponseOptionsImpl.statusCode(ValidatableResponseOptionsImpl.java:119)
at utilities.TestUtililities.differentiateSides(TestUtililities.java:105)
at requests.DifferServiceTest.when_SidesAreDiffedAndRightSideIsNull_Expect_DifferentLengthAndRightHasNoValue(DifferServiceTest.java:94)
... Removed 38 stack frames]]>
    </failure>
  </testcase> <!-- when_SidesAreDiffedAndRightSideIsNull_Expect_DifferentLengthAndRightHasNoValue -->
  <testcase name="when_SidesOfDifferentLengthsAreDiffed_Expect_DifferentLength" time="0.042" classname="requests.DifferServiceTest"/>
  <testcase name="when_SidesOfSameLengthButDifferentCharactersAreDiffed_Expect_PositionOfDifferentCharacters" time="0.061" classname="requests.DifferServiceTest"/>
  <testcase name="when_SidesOfSameLengthButDifferentSuccessiveCharactersAreDiffed_Expect_RangedPositionOfDifferentCharacters" time="0.052" classname="requests.DifferServiceTest"/>
</testsuite> <!-- Differ Regression Tests -->
